# JRE version: 7.0_04-b20
# Java VM: Java HotSpot(TM) 64-Bit Server VM (23.0-b21 mixed mode linux-amd64 compressed oops)
Heap
 PSYoungGen      total 46144K, used 9299K [0x00000007ac800000, 0x00000007b3ef0000, 0x0000000800000000)
  eden space 45632K, 19% used [0x00000007ac800000,0x00000007ad094c18,0x00000007af490000)
  from space 512K, 100% used [0x00000007af580000,0x00000007af600000,0x00000007af600000)
  to   space 38080K, 0% used [0x00000007b19c0000,0x00000007b19c0000,0x00000007b3ef0000)
 ParOldGen       total 171008K, used 102597K [0x0000000705800000, 0x000000070ff00000, 0x00000007ac800000)
  object space 171008K, 59% used [0x0000000705800000,0x000000070bc317c8,0x000000070ff00000)
 PSPermGen       total 32960K, used 32832K [0x0000000700600000, 0x0000000702630000, 0x0000000705800000)
  object space 32960K, 99% used [0x0000000700600000,0x00000007026100a8,0x0000000702630000)
GC Heap History (10 events):
Event: 82535.259 GC heap before
{Heap before GC invocations=15 (full 0):
 PSYoungGen      total 96256K, used 50976K [0x00000007ac800000, 0x00000007b5860000, 0x0000000800000000)
  eden space 50688K, 100% used [0x00000007ac800000,0x00000007af980000,0x00000007af980000)
  from space 45568K, 0% used [0x00000007b2be0000,0x00000007b2c28000,0x00000007b5860000)
  to   space 48576K, 0% used [0x00000007af980000,0x00000007af980000,0x00000007b28f0000)
 ParOldGen       total 171008K, used 101717K [0x0000000705800000, 0x000000070ff00000, 0x00000007ac800000)
  object space 171008K, 59% used [0x0000000705800000,0x000000070bb55798,0x000000070ff00000)
 PSPermGen       total 32768K, used 32661K [0x0000000700600000, 0x0000000702600000, 0x0000000705800000)
  object space 32768K, 99% used [0x0000000700600000,0x00000007025e5770,0x0000000702600000)
Event: 82535.264 GC heap after
Heap after GC invocations=15 (full 0):
 PSYoungGen      total 49856K, used 256K [0x00000007ac800000, 0x00000007b5370000, 0x0000000800000000)
  eden space 49600K, 0% used [0x00000007ac800000,0x00000007ac800000,0x00000007af870000)
  from space 256K, 100% used [0x00000007af980000,0x00000007af9c0000,0x00000007af9c0000)
  to   space 46592K, 0% used [0x00000007b25f0000,0x00000007b25f0000,0x00000007b5370000)
 ParOldGen       total 171008K, used 101909K [0x0000000705800000, 0x000000070ff00000, 0x00000007ac800000)
  object space 171008K, 59% used [0x0000000705800000,0x000000070bb85798,0x000000070ff00000)
 PSPermGen       total 32768K, used 32661K [0x0000000700600000, 0x0000000702600000, 0x0000000705800000)
  object space 32768K, 99% used [0x0000000700600000,0x00000007025e5770,0x0000000702600000)
}
Event: 82543.336 GC heap before
{Heap before GC invocations=16 (full 0):
 PSYoungGen      total 49856K, used 49856K [0x00000007ac800000, 0x00000007b5370000, 0x0000000800000000)
  eden space 49600K, 100% used [0x00000007ac800000,0x00000007af870000,0x00000007af870000)
  from space 256K, 100% used [0x00000007af980000,0x00000007af9c0000,0x00000007af9c0000)
  to   space 46592K, 0% used [0x00000007b25f0000,0x00000007b25f0000,0x00000007b5370000)
 ParOldGen       total 171008K, used 101909K [0x0000000705800000, 0x000000070ff00000, 0x00000007ac800000)
  object space 171008K, 59% used [0x0000000705800000,0x000000070bb85798,0x000000070ff00000)
 PSPermGen       total 32768K, used 32686K [0x0000000700600000, 0x0000000702600000, 0x0000000705800000)
  object space 32768K, 99% used [0x0000000700600000,0x00000007025ebae0,0x0000000702600000)
Event: 82543.341 GC heap after
Heap after GC invocations=16 (full 0):
 PSYoungGen      total 90048K, used 256K [0x00000007ac800000, 0x00000007b4e70000, 0x0000000800000000)
  eden space 48576K, 0% used [0x00000007ac800000,0x00000007ac800000,0x00000007af770000)
  from space 41472K, 0% used [0x00000007b25f0000,0x00000007b2630000,0x00000007b4e70000)
  to   space 44544K, 0% used [0x00000007af770000,0x00000007af770000,0x00000007b22f0000)
 ParOldGen       total 171008K, used 102077K [0x0000000705800000, 0x000000070ff00000, 0x00000007ac800000)
  object space 171008K, 59% used [0x0000000705800000,0x000000070bbaf798,0x000000070ff00000)
 PSPermGen       total 32768K, used 32686K [0x0000000700600000, 0x0000000702600000, 0x0000000705800000)
  object space 32768K, 99% used [0x0000000700600000,0x00000007025ebae0,0x0000000702600000)
}
Event: 82563.894 GC heap before
{Heap before GC invocations=17 (full 0):
 PSYoungGen      total 90048K, used 48832K [0x00000007ac800000, 0x00000007b4e70000, 0x0000000800000000)
  eden space 48576K, 100% used [0x00000007ac800000,0x00000007af770000,0x00000007af770000)
  from space 41472K, 0% used [0x00000007b25f0000,0x00000007b2630000,0x00000007b4e70000)
  to   space 44544K, 0% used [0x00000007af770000,0x00000007af770000,0x00000007b22f0000)
 ParOldGen       total 171008K, used 102077K [0x0000000705800000, 0x000000070ff00000, 0x00000007ac800000)
  object space 171008K, 59% used [0x0000000705800000,0x000000070bbaf798,0x000000070ff00000)
 PSPermGen       total 32768K, used 32695K [0x0000000700600000, 0x0000000702600000, 0x0000000705800000)
  object space 32768K, 99% used [0x0000000700600000,0x00000007025edf28,0x0000000702600000)
Event: 82563.899 GC heap after
Heap after GC invocations=17 (full 0):
 PSYoungGen      total 47936K, used 368K [0x00000007ac800000, 0x00000007b4930000, 0x0000000800000000)
  eden space 47552K, 0% used [0x00000007ac800000,0x00000007ac800000,0x00000007af670000)
  from space 384K, 95% used [0x00000007af770000,0x00000007af7cc010,0x00000007af7d0000)
  to   space 42368K, 0% used [0x00000007b1fd0000,0x00000007b1fd0000,0x00000007b4930000)
 ParOldGen       total 171008K, used 102245K [0x0000000705800000, 0x000000070ff00000, 0x00000007ac800000)
  object space 171008K, 59% used [0x0000000705800000,0x000000070bbd9798,0x000000070ff00000)
 PSPermGen       total 32768K, used 32695K [0x0000000700600000, 0x0000000702600000, 0x0000000705800000)
  object space 32768K, 99% used [0x0000000700600000,0x00000007025edf28,0x0000000702600000)
}
Event: 82571.512 GC heap before
{Heap before GC invocations=18 (full 0):
 PSYoungGen      total 47936K, used 47920K [0x00000007ac800000, 0x00000007b4930000, 0x0000000800000000)
  eden space 47552K, 100% used [0x00000007ac800000,0x00000007af670000,0x00000007af670000)
  from space 384K, 95% used [0x00000007af770000,0x00000007af7cc010,0x00000007af7d0000)
  to   space 42368K, 0% used [0x00000007b1fd0000,0x00000007b1fd0000,0x00000007b4930000)
 ParOldGen       total 171008K, used 102245K [0x0000000705800000, 0x000000070ff00000, 0x00000007ac800000)
  object space 171008K, 59% used [0x0000000705800000,0x000000070bbd9798,0x000000070ff00000)
 PSPermGen       total 32768K, used 32713K [0x0000000700600000, 0x0000000702600000, 0x0000000705800000)
  object space 32768K, 99% used [0x0000000700600000,0x00000007025f2458,0x0000000702600000)
Event: 82571.517 GC heap after
Heap after GC invocations=18 (full 0):
 PSYoungGen      total 83776K, used 288K [0x00000007ac800000, 0x00000007b4420000, 0x0000000800000000)
  eden space 46592K, 0% used [0x00000007ac800000,0x00000007ac800000,0x00000007af580000)
  from space 37184K, 0% used [0x00000007b1fd0000,0x00000007b2018000,0x00000007b4420000)
  to   space 40256K, 0% used [0x00000007af580000,0x00000007af580000,0x00000007b1cd0000)
 ParOldGen       total 171008K, used 102453K [0x0000000705800000, 0x000000070ff00000, 0x00000007ac800000)
  object space 171008K, 59% used [0x0000000705800000,0x000000070bc0d7c8,0x000000070ff00000)
 PSPermGen       total 32768K, used 32713K [0x0000000700600000, 0x0000000702600000, 0x0000000705800000)
  object space 32768K, 99% used [0x0000000700600000,0x00000007025f2458,0x0000000702600000)
}
Event: 82612.256 GC heap before
{Heap before GC invocations=19 (full 0):
 PSYoungGen      total 83776K, used 46880K [0x00000007ac800000, 0x00000007b4420000, 0x0000000800000000)
  eden space 46592K, 100% used [0x00000007ac800000,0x00000007af580000,0x00000007af580000)
  from space 37184K, 0% used [0x00000007b1fd0000,0x00000007b2018000,0x00000007b4420000)
  to   space 40256K, 0% used [0x00000007af580000,0x00000007af580000,0x00000007b1cd0000)
 ParOldGen       total 171008K, used 102453K [0x0000000705800000, 0x000000070ff00000, 0x00000007ac800000)
  object space 171008K, 59% used [0x0000000705800000,0x000000070bc0d7c8,0x000000070ff00000)
 PSPermGen       total 32960K, used 32782K [0x0000000700600000, 0x0000000702630000, 0x0000000705800000)
  object space 32960K, 99% used [0x0000000700600000,0x0000000702603a38,0x0000000702630000)
Event: 82612.264 GC heap after
Heap after GC invocations=19 (full 0):
 PSYoungGen      total 46144K, used 512K [0x00000007ac800000, 0x00000007b3ef0000, 0x0000000800000000)
  eden space 45632K, 0% used [0x00000007ac800000,0x00000007ac800000,0x00000007af490000)
  from space 512K, 100% used [0x00000007af580000,0x00000007af600000,0x00000007af600000)
  to   space 38080K, 0% used [0x00000007b19c0000,0x00000007b19c0000,0x00000007b3ef0000)
 ParOldGen       total 171008K, used 102597K [0x0000000705800000, 0x000000070ff00000, 0x00000007ac800000)
  object space 171008K, 59% used [0x0000000705800000,0x000000070bc317c8,0x000000070ff00000)
 PSPermGen       total 32960K, used 32782K [0x0000000700600000, 0x0000000702630000, 0x0000000705800000)
  object space 32960K, 99% used [0x0000000700600000,0x0000000702603a38,0x0000000702630000)
}

